2026-02-05 13:42:46 [info] : [Build Server] Build output stream finished - hello_world::. 
2026-02-05 13:45:25 [info] : [Debug Manager] Successfully verified the target connection used  Local 
2026-02-05 13:45:25 [info] : [Debug Manager] Starting launch in 'run' mode using configuration: {"type":"tcf-debug","request":"launch","name":"hello_world_app_hw_1","debugType":"baremetal-zynq","attachToRunningTargetOptions":{"targetSetupMode":"standalone","executeScript":true,"scriptPath":""},"autoAttachProcessChildren":false,"target":{"targetConnectionId":"Local","peersIniPath":"../../../.wsdata/.peers.ini","context":"zynq"},"targetSetup":{"resetSystem":true,"programDevice":true,"resetAPU":false,"bitstreamFile":"${workspaceFolder}\\hello_world\\_ide\\bitstream\\uart_wrapper.bit","zynqInitialization":{"isFsbl":false,"usingFSBL":{"initWithFSBL":true,"fsblFile":"${workspaceFolder}\\platform_main\\export\\platform_main\\sw\\boot\\fsbl.elf","fsblExitSymbol":"FsblHandoffJtagExit"},"usingPs7Init":{"runPs7Init":true,"runPs7PostInit":true,"ps7InitTclFile":"${workspaceFolder}\\hello_world\\_ide\\psinit\\ps7_init.tcl"}},"downloadElf":[{"core":"ps7_cortexa9_0","resetProcessor":true,"elfFile":"${workspaceFolder}\\hello_world\\build\\hello_world.elf","stopAtEntry":false}],"crossTriggerBreakpoints":{"isSelected":false,"breakpoints":[]}},"internalConsoleOptions":"openOnSessionStart","__configUri":"file:///c%3A/s4projetVivado/uart/hello_world/_ide/.theia/launch.json"} 
2026-02-05 13:45:25 [info] : [Debug Manager] Disabling breakpoints in the tool to enable run mode for 'hello_world_app_hw_1'. 
2026-02-05 13:45:27 [info] : [Debug Manager] Launch session has started on the configuration 'hello_world_app_hw_1' 
2026-02-05 13:47:40 [info] : [Debug Manager] Launch session has terminated on the configuration 'hello_world_app_hw_1' 
2026-02-05 13:47:40 [info] : [Debug Manager] Enabling breakpoints after running the application using 'hello_world_app_hw_1'. 
2026-02-05 13:47:51 [info] : [Debug Manager] Successfully verified the target connection used  Local 
2026-02-05 13:47:51 [info] : [Debug Manager] Starting launch in 'run' mode using configuration: {"type":"tcf-debug","request":"launch","name":"hello_world_app_hw_1","debugType":"baremetal-zynq","attachToRunningTargetOptions":{"targetSetupMode":"standalone","executeScript":true,"scriptPath":""},"autoAttachProcessChildren":false,"target":{"targetConnectionId":"Local","peersIniPath":"../../../.wsdata/.peers.ini","context":"zynq"},"targetSetup":{"resetSystem":true,"programDevice":true,"resetAPU":false,"bitstreamFile":"${workspaceFolder}\\hello_world\\_ide\\bitstream\\uart_wrapper.bit","zynqInitialization":{"isFsbl":false,"usingFSBL":{"initWithFSBL":true,"fsblFile":"${workspaceFolder}\\platform_main\\export\\platform_main\\sw\\boot\\fsbl.elf","fsblExitSymbol":"FsblHandoffJtagExit"},"usingPs7Init":{"runPs7Init":true,"runPs7PostInit":true,"ps7InitTclFile":"${workspaceFolder}\\hello_world\\_ide\\psinit\\ps7_init.tcl"}},"downloadElf":[{"core":"ps7_cortexa9_0","resetProcessor":true,"elfFile":"${workspaceFolder}\\hello_world\\build\\hello_world.elf","stopAtEntry":false}],"crossTriggerBreakpoints":{"isSelected":false,"breakpoints":[]}},"internalConsoleOptions":"openOnSessionStart","__configUri":"file:///c%3A/s4projetVivado/uart/hello_world/_ide/.theia/launch.json"} 
2026-02-05 13:47:51 [info] : [Debug Manager] Disabling breakpoints in the tool to enable run mode for 'hello_world_app_hw_1'. 
2026-02-05 13:47:52 [info] : [Debug Manager] Launch session has started on the configuration 'hello_world_app_hw_1' 
2026-02-05 13:50:01 [info] : [Debug Manager] Launch session has terminated on the configuration 'hello_world_app_hw_1' 
2026-02-05 13:50:01 [info] : [Debug Manager] Enabling breakpoints after running the application using 'hello_world_app_hw_1'. 
2026-02-05 13:50:12 [info] : [Build Server] Build output stream finished - hello_world::. 
2026-02-05 13:50:26 [info] : [Debug Manager] Successfully verified the target connection used  Local 
2026-02-05 13:50:26 [info] : [Debug Manager] Starting launch in 'run' mode using configuration: {"type":"tcf-debug","request":"launch","name":"hello_world_app_hw_1","debugType":"baremetal-zynq","attachToRunningTargetOptions":{"targetSetupMode":"standalone","executeScript":true,"scriptPath":""},"autoAttachProcessChildren":false,"target":{"targetConnectionId":"Local","peersIniPath":"../../../.wsdata/.peers.ini","context":"zynq"},"targetSetup":{"resetSystem":true,"programDevice":true,"resetAPU":false,"bitstreamFile":"${workspaceFolder}\\hello_world\\_ide\\bitstream\\uart_wrapper.bit","zynqInitialization":{"isFsbl":false,"usingFSBL":{"initWithFSBL":true,"fsblFile":"${workspaceFolder}\\platform_main\\export\\platform_main\\sw\\boot\\fsbl.elf","fsblExitSymbol":"FsblHandoffJtagExit"},"usingPs7Init":{"runPs7Init":true,"runPs7PostInit":true,"ps7InitTclFile":"${workspaceFolder}\\hello_world\\_ide\\psinit\\ps7_init.tcl"}},"downloadElf":[{"core":"ps7_cortexa9_0","resetProcessor":true,"elfFile":"${workspaceFolder}\\hello_world\\build\\hello_world.elf","stopAtEntry":false}],"crossTriggerBreakpoints":{"isSelected":false,"breakpoints":[]}},"internalConsoleOptions":"openOnSessionStart","__configUri":"file:///c%3A/s4projetVivado/uart/hello_world/_ide/.theia/launch.json"} 
2026-02-05 13:50:26 [info] : [Debug Manager] Disabling breakpoints in the tool to enable run mode for 'hello_world_app_hw_1'. 
2026-02-05 13:50:28 [info] : [Debug Manager] Launch session has started on the configuration 'hello_world_app_hw_1' 
2026-02-05 13:50:39 [info] : [Debug Manager] Launch session has terminated on the configuration 'hello_world_app_hw_1' 
2026-02-05 13:50:39 [info] : [Debug Manager] Enabling breakpoints after running the application using 'hello_world_app_hw_1'. 
2026-02-05 13:50:52 [info] : [Debug Manager] Successfully verified the target connection used  Local 
2026-02-05 13:50:52 [info] : [Debug Manager] Starting launch in 'run' mode using configuration: {"type":"tcf-debug","request":"launch","name":"hello_world_app_hw_1","debugType":"baremetal-zynq","attachToRunningTargetOptions":{"targetSetupMode":"standalone","executeScript":true,"scriptPath":""},"autoAttachProcessChildren":false,"target":{"targetConnectionId":"Local","peersIniPath":"../../../.wsdata/.peers.ini","context":"zynq"},"targetSetup":{"resetSystem":true,"programDevice":true,"resetAPU":false,"bitstreamFile":"${workspaceFolder}\\hello_world\\_ide\\bitstream\\uart_wrapper.bit","zynqInitialization":{"isFsbl":false,"usingFSBL":{"initWithFSBL":true,"fsblFile":"${workspaceFolder}\\platform_main\\export\\platform_main\\sw\\boot\\fsbl.elf","fsblExitSymbol":"FsblHandoffJtagExit"},"usingPs7Init":{"runPs7Init":true,"runPs7PostInit":true,"ps7InitTclFile":"${workspaceFolder}\\hello_world\\_ide\\psinit\\ps7_init.tcl"}},"downloadElf":[{"core":"ps7_cortexa9_0","resetProcessor":true,"elfFile":"${workspaceFolder}\\hello_world\\build\\hello_world.elf","stopAtEntry":false}],"crossTriggerBreakpoints":{"isSelected":false,"breakpoints":[]}},"internalConsoleOptions":"openOnSessionStart","__configUri":"file:///c%3A/s4projetVivado/uart/hello_world/_ide/.theia/launch.json"} 
2026-02-05 13:50:53 [info] : [Debug Manager] Disabling breakpoints in the tool to enable run mode for 'hello_world_app_hw_1'. 
2026-02-05 13:50:54 [info] : [Debug Manager] Launch session has started on the configuration 'hello_world_app_hw_1' 
2026-02-05 13:55:56 [info] : [Debug Manager] Launch session has terminated on the configuration 'hello_world_app_hw_1' 
2026-02-05 13:55:56 [info] : [Debug Manager] Enabling breakpoints after running the application using 'hello_world_app_hw_1'. 
