2026-02-08 12:47:50 [info] : [Platform Server] Creating platform platform_main  output stream finished - platform_main. 
2026-02-08 12:55:32 [info] : [Platform Server] Generate platform output stream finished - platform_main. 
2026-02-08 12:55:35 [info] : [Build Server] Build output stream finished - hello_world::. 
2026-02-08 12:57:38 [info] : [Debug Manager] Successfully verified the target connection used  Local 
2026-02-08 12:57:38 [info] : [Debug Manager] Starting launch in 'run' mode using configuration: {"type":"tcf-debug","request":"launch","name":"hello_world_app_hw_1","debugType":"baremetal-zynq","attachToRunningTargetOptions":{"targetSetupMode":"standalone","executeScript":true,"scriptPath":""},"autoAttachProcessChildren":false,"target":{"targetConnectionId":"Local","peersIniPath":"../../../.wsdata/.peers.ini","context":"zynq"},"targetSetup":{"resetSystem":true,"programDevice":true,"resetAPU":false,"bitstreamFile":"${workspaceFolder}\\hello_world\\_ide\\bitstream\\uart_wrapper.bit","zynqInitialization":{"isFsbl":false,"usingFSBL":{"initWithFSBL":true,"fsblFile":"${workspaceFolder}\\platform_main\\export\\platform_main\\sw\\boot\\fsbl.elf","fsblExitSymbol":"FsblHandoffJtagExit"},"usingPs7Init":{"runPs7Init":true,"runPs7PostInit":true,"ps7InitTclFile":"${workspaceFolder}\\hello_world\\_ide\\psinit\\ps7_init.tcl"}},"downloadElf":[{"core":"ps7_cortexa9_0","resetProcessor":true,"elfFile":"${workspaceFolder}\\hello_world\\build\\hello_world.elf","stopAtEntry":false}],"crossTriggerBreakpoints":{"isSelected":false,"breakpoints":[]}},"internalConsoleOptions":"openOnSessionStart","__configUri":"file:///c%3A/s4projetVivado/uart/hello_world/_ide/.theia/launch.json"} 
2026-02-08 12:57:38 [info] : [Debug Manager] Disabling breakpoints in the tool to enable run mode for 'hello_world_app_hw_1'. 
2026-02-08 12:58:21 [info] : [Platform Server] Generate platform output stream finished - platform_main. 
2026-02-08 12:58:23 [info] : [Build Server] Build output stream finished - hello_world::. 
2026-02-08 12:58:36 [info] : [Debug Manager] Successfully verified the target connection used  Local 
2026-02-08 12:58:36 [info] : [Debug Manager] Starting launch in 'run' mode using configuration: {"type":"tcf-debug","request":"launch","name":"hello_world_app_hw_1","debugType":"baremetal-zynq","attachToRunningTargetOptions":{"targetSetupMode":"standalone","executeScript":true,"scriptPath":""},"autoAttachProcessChildren":false,"target":{"targetConnectionId":"Local","peersIniPath":"../../../.wsdata/.peers.ini","context":"zynq"},"targetSetup":{"resetSystem":true,"programDevice":true,"resetAPU":false,"bitstreamFile":"${workspaceFolder}\\hello_world\\_ide\\bitstream\\uart_wrapper.bit","zynqInitialization":{"isFsbl":false,"usingFSBL":{"initWithFSBL":true,"fsblFile":"${workspaceFolder}\\platform_main\\export\\platform_main\\sw\\boot\\fsbl.elf","fsblExitSymbol":"FsblHandoffJtagExit"},"usingPs7Init":{"runPs7Init":true,"runPs7PostInit":true,"ps7InitTclFile":"${workspaceFolder}\\hello_world\\_ide\\psinit\\ps7_init.tcl"}},"downloadElf":[{"core":"ps7_cortexa9_0","resetProcessor":true,"elfFile":"${workspaceFolder}\\hello_world\\build\\hello_world.elf","stopAtEntry":false}],"crossTriggerBreakpoints":{"isSelected":false,"breakpoints":[]}},"internalConsoleOptions":"openOnSessionStart","__configUri":"file:///c%3A/s4projetVivado/uart/hello_world/_ide/.theia/launch.json"} 
2026-02-08 12:59:27 [info] : [Debug Manager] Successfully verified the target connection used  Local 
2026-02-08 12:59:27 [info] : [Debug Manager] Starting launch in 'run' mode using configuration: {"type":"tcf-debug","request":"launch","name":"hello_world_app_hw_1","debugType":"baremetal-zynq","attachToRunningTargetOptions":{"targetSetupMode":"standalone","executeScript":true,"scriptPath":""},"autoAttachProcessChildren":false,"target":{"targetConnectionId":"Local","peersIniPath":"../../../.wsdata/.peers.ini","context":"zynq"},"targetSetup":{"resetSystem":true,"programDevice":true,"resetAPU":false,"bitstreamFile":"${workspaceFolder}\\hello_world\\_ide\\bitstream\\uart_wrapper.bit","zynqInitialization":{"isFsbl":false,"usingFSBL":{"initWithFSBL":true,"fsblFile":"${workspaceFolder}\\platform_main\\export\\platform_main\\sw\\boot\\fsbl.elf","fsblExitSymbol":"FsblHandoffJtagExit"},"usingPs7Init":{"runPs7Init":true,"runPs7PostInit":true,"ps7InitTclFile":"${workspaceFolder}\\hello_world\\_ide\\psinit\\ps7_init.tcl"}},"downloadElf":[{"core":"ps7_cortexa9_0","resetProcessor":true,"elfFile":"${workspaceFolder}\\hello_world\\build\\hello_world.elf","stopAtEntry":false}],"crossTriggerBreakpoints":{"isSelected":false,"breakpoints":[]}},"internalConsoleOptions":"openOnSessionStart","__configUri":"file:///c%3A/s4projetVivado/uart/hello_world/_ide/.theia/launch.json"} 
2026-02-08 13:01:04 [info] : [Platform Server] Generate platform output stream finished - platform_main. 
2026-02-08 13:01:05 [info] : [Build Server] Build output stream finished - hello_world::. 
2026-02-08 13:01:14 [info] : [Debug Manager] Successfully verified the target connection used  Local 
2026-02-08 13:01:14 [info] : [Debug Manager] Starting launch in 'run' mode using configuration: {"type":"tcf-debug","request":"launch","name":"hello_world_app_hw_1","debugType":"baremetal-zynq","attachToRunningTargetOptions":{"targetSetupMode":"standalone","executeScript":true,"scriptPath":""},"autoAttachProcessChildren":false,"target":{"targetConnectionId":"Local","peersIniPath":"../../../.wsdata/.peers.ini","context":"zynq"},"targetSetup":{"resetSystem":true,"programDevice":true,"resetAPU":false,"bitstreamFile":"${workspaceFolder}\\hello_world\\_ide\\bitstream\\uart_wrapper.bit","zynqInitialization":{"isFsbl":false,"usingFSBL":{"initWithFSBL":true,"fsblFile":"${workspaceFolder}\\platform_main\\export\\platform_main\\sw\\boot\\fsbl.elf","fsblExitSymbol":"FsblHandoffJtagExit"},"usingPs7Init":{"runPs7Init":true,"runPs7PostInit":true,"ps7InitTclFile":"${workspaceFolder}\\hello_world\\_ide\\psinit\\ps7_init.tcl"}},"downloadElf":[{"core":"ps7_cortexa9_0","resetProcessor":true,"elfFile":"${workspaceFolder}\\hello_world\\build\\hello_world.elf","stopAtEntry":false}],"crossTriggerBreakpoints":{"isSelected":false,"breakpoints":[]}},"internalConsoleOptions":"openOnSessionStart","__configUri":"file:///c%3A/s4projetVivado/uart/hello_world/_ide/.theia/launch.json"} 
2026-02-10 10:15:01 [info] : [Platform Server] Updating uart_wrapper XSA for platform_main platform output stream finished - platform_main. 
2026-02-10 10:17:43 [info] : [Platform Server] Generate platform output stream finished - platform_main. 
2026-02-10 10:19:03 [info] : [Platform Server] Generate platform output stream finished - platform_main. 
2026-02-10 10:19:08 [info] : [Build Server] Build output stream finished - hello_world::. 
2026-02-10 10:21:23 [info] : [Debug Manager] Successfully verified the target connection used  Local 
2026-02-10 10:21:23 [info] : [Debug Manager] Starting launch in 'run' mode using configuration: {"type":"tcf-debug","request":"launch","name":"hello_world_app_hw_1","debugType":"baremetal-zynq","attachToRunningTargetOptions":{"targetSetupMode":"standalone","executeScript":true,"scriptPath":""},"autoAttachProcessChildren":false,"target":{"targetConnectionId":"Local","peersIniPath":"../../../.wsdata/.peers.ini","context":"zynq"},"targetSetup":{"resetSystem":true,"programDevice":true,"resetAPU":false,"bitstreamFile":"${workspaceFolder}\\hello_world\\_ide\\bitstream\\uart_wrapper.bit","zynqInitialization":{"isFsbl":false,"usingFSBL":{"initWithFSBL":true,"fsblFile":"${workspaceFolder}\\platform_main\\export\\platform_main\\sw\\boot\\fsbl.elf","fsblExitSymbol":"FsblHandoffJtagExit"},"usingPs7Init":{"runPs7Init":true,"runPs7PostInit":true,"ps7InitTclFile":"${workspaceFolder}\\hello_world\\_ide\\psinit\\ps7_init.tcl"}},"downloadElf":[{"core":"ps7_cortexa9_0","resetProcessor":true,"elfFile":"${workspaceFolder}\\hello_world\\build\\hello_world.elf","stopAtEntry":false}],"crossTriggerBreakpoints":{"isSelected":false,"breakpoints":[]}},"internalConsoleOptions":"openOnSessionStart","__configUri":"file:///c%3A/Users/remsc/Desktop/GIT/Projet-S4-Code/uart/hello_world/_ide/.theia/launch.json"} 
2026-02-10 10:21:24 [info] : [Debug Manager] Disabling breakpoints in the tool to enable run mode for 'hello_world_app_hw_1'. 
2026-02-10 10:21:25 [info] : [Debug Manager] Launch session has started on the configuration 'hello_world_app_hw_1' 
2026-02-10 10:46:19 [info] : [Debug Manager] Successfully verified the target connection used  Local 
2026-02-10 10:46:19 [info] : [Debug Manager] Starting launch in 'run' mode using configuration: {"type":"tcf-debug","request":"launch","name":"hello_world_app_hw_1","debugType":"baremetal-zynq","attachToRunningTargetOptions":{"targetSetupMode":"standalone","executeScript":true,"scriptPath":""},"autoAttachProcessChildren":false,"target":{"targetConnectionId":"Local","peersIniPath":"../../../.wsdata/.peers.ini","context":"zynq"},"targetSetup":{"resetSystem":true,"programDevice":true,"resetAPU":false,"bitstreamFile":"${workspaceFolder}\\hello_world\\_ide\\bitstream\\uart_wrapper.bit","zynqInitialization":{"isFsbl":false,"usingFSBL":{"initWithFSBL":true,"fsblFile":"${workspaceFolder}\\platform_main\\export\\platform_main\\sw\\boot\\fsbl.elf","fsblExitSymbol":"FsblHandoffJtagExit"},"usingPs7Init":{"runPs7Init":true,"runPs7PostInit":true,"ps7InitTclFile":"${workspaceFolder}\\hello_world\\_ide\\psinit\\ps7_init.tcl"}},"downloadElf":[{"core":"ps7_cortexa9_0","resetProcessor":true,"elfFile":"${workspaceFolder}\\hello_world\\build\\hello_world.elf","stopAtEntry":false}],"crossTriggerBreakpoints":{"isSelected":false,"breakpoints":[]}},"internalConsoleOptions":"openOnSessionStart","__configUri":"file:///c%3A/Users/remsc/Desktop/GIT/Projet-S4-Code/uart/hello_world/_ide/.theia/launch.json"} 
2026-02-10 10:46:36 [info] : [Platform Server] Generate platform output stream finished - platform_main. 
2026-02-10 10:46:38 [info] : [Build Server] Build output stream finished - hello_world::. 
2026-02-10 10:46:54 [info] : [Debug Manager] Successfully verified the target connection used  Local 
2026-02-10 10:46:54 [info] : [Debug Manager] Starting launch in 'run' mode using configuration: {"type":"tcf-debug","request":"launch","name":"hello_world_app_hw_1","debugType":"baremetal-zynq","attachToRunningTargetOptions":{"targetSetupMode":"standalone","executeScript":true,"scriptPath":""},"autoAttachProcessChildren":false,"target":{"targetConnectionId":"Local","peersIniPath":"../../../.wsdata/.peers.ini","context":"zynq"},"targetSetup":{"resetSystem":true,"programDevice":true,"resetAPU":false,"bitstreamFile":"${workspaceFolder}\\hello_world\\_ide\\bitstream\\uart_wrapper.bit","zynqInitialization":{"isFsbl":false,"usingFSBL":{"initWithFSBL":true,"fsblFile":"${workspaceFolder}\\platform_main\\export\\platform_main\\sw\\boot\\fsbl.elf","fsblExitSymbol":"FsblHandoffJtagExit"},"usingPs7Init":{"runPs7Init":true,"runPs7PostInit":true,"ps7InitTclFile":"${workspaceFolder}\\hello_world\\_ide\\psinit\\ps7_init.tcl"}},"downloadElf":[{"core":"ps7_cortexa9_0","resetProcessor":true,"elfFile":"${workspaceFolder}\\hello_world\\build\\hello_world.elf","stopAtEntry":false}],"crossTriggerBreakpoints":{"isSelected":false,"breakpoints":[]}},"internalConsoleOptions":"openOnSessionStart","__configUri":"file:///c%3A/Users/remsc/Desktop/GIT/Projet-S4-Code/uart/hello_world/_ide/.theia/launch.json"} 
2026-02-10 10:47:28 [info] : [Debug Manager] Successfully verified the target connection used  Local 
2026-02-10 10:47:28 [info] : [Debug Manager] Starting launch in 'run' mode using configuration: {"type":"tcf-debug","request":"launch","name":"hello_world_app_hw_1","debugType":"baremetal-zynq","attachToRunningTargetOptions":{"targetSetupMode":"standalone","executeScript":true,"scriptPath":""},"autoAttachProcessChildren":false,"target":{"targetConnectionId":"Local","peersIniPath":"../../../.wsdata/.peers.ini","context":"zynq"},"targetSetup":{"resetSystem":true,"programDevice":true,"resetAPU":false,"bitstreamFile":"${workspaceFolder}\\hello_world\\_ide\\bitstream\\uart_wrapper.bit","zynqInitialization":{"isFsbl":false,"usingFSBL":{"initWithFSBL":true,"fsblFile":"${workspaceFolder}\\platform_main\\export\\platform_main\\sw\\boot\\fsbl.elf","fsblExitSymbol":"FsblHandoffJtagExit"},"usingPs7Init":{"runPs7Init":true,"runPs7PostInit":true,"ps7InitTclFile":"${workspaceFolder}\\hello_world\\_ide\\psinit\\ps7_init.tcl"}},"downloadElf":[{"core":"ps7_cortexa9_0","resetProcessor":true,"elfFile":"${workspaceFolder}\\hello_world\\build\\hello_world.elf","stopAtEntry":false}],"crossTriggerBreakpoints":{"isSelected":false,"breakpoints":[]}},"internalConsoleOptions":"openOnSessionStart","__configUri":"file:///c%3A/Users/remsc/Desktop/GIT/Projet-S4-Code/uart/hello_world/_ide/.theia/launch.json"} 
2026-02-10 10:47:41 [info] : [Debug Manager] Launch session has terminated on the configuration 'hello_world_app_hw_1' 
2026-02-10 10:47:41 [info] : [Debug Manager] Enabling breakpoints after running the application using 'hello_world_app_hw_1'. 
2026-02-10 10:48:15 [info] : [Debug Manager] Successfully verified the target connection used  Local 
2026-02-10 10:48:15 [info] : [Debug Manager] Starting launch in 'run' mode using configuration: {"type":"tcf-debug","request":"launch","name":"hello_world_app_hw_1","debugType":"baremetal-zynq","attachToRunningTargetOptions":{"targetSetupMode":"standalone","executeScript":true,"scriptPath":""},"autoAttachProcessChildren":false,"target":{"targetConnectionId":"Local","peersIniPath":"../../../.wsdata/.peers.ini","context":"zynq"},"targetSetup":{"resetSystem":true,"programDevice":true,"resetAPU":false,"bitstreamFile":"${workspaceFolder}\\hello_world\\_ide\\bitstream\\uart_wrapper.bit","zynqInitialization":{"isFsbl":false,"usingFSBL":{"initWithFSBL":true,"fsblFile":"${workspaceFolder}\\platform_main\\export\\platform_main\\sw\\boot\\fsbl.elf","fsblExitSymbol":"FsblHandoffJtagExit"},"usingPs7Init":{"runPs7Init":true,"runPs7PostInit":true,"ps7InitTclFile":"${workspaceFolder}\\hello_world\\_ide\\psinit\\ps7_init.tcl"}},"downloadElf":[{"core":"ps7_cortexa9_0","resetProcessor":true,"elfFile":"${workspaceFolder}\\hello_world\\build\\hello_world.elf","stopAtEntry":false}],"crossTriggerBreakpoints":{"isSelected":false,"breakpoints":[]}},"internalConsoleOptions":"openOnSessionStart","__configUri":"file:///c%3A/Users/remsc/Desktop/GIT/Projet-S4-Code/uart/hello_world/_ide/.theia/launch.json"} 
2026-02-10 10:48:16 [info] : [Debug Manager] Disabling breakpoints in the tool to enable run mode for 'hello_world_app_hw_1'. 
2026-02-10 10:48:17 [info] : [Debug Manager] Launch session has started on the configuration 'hello_world_app_hw_1' 
2026-02-10 11:02:46 [info] : [Build Server] Clean output stream finished - hello_world::. 
2026-02-10 11:02:54 [info] : [Platform Server] Generate platform output stream finished - platform_main. 
2026-02-10 11:02:57 [info] : [Build Server] Build output stream finished - hello_world::. 
2026-02-10 11:05:47 [info] : [Build Server] Clean output stream finished - hello_world::. 
2026-02-10 11:06:08 [info] : [Platform Server] Generate platform output stream finished - platform_main. 
2026-02-10 11:06:11 [info] : [Build Server] Build output stream finished - hello_world::. 
2026-02-10 11:07:35 [info] : [Build Server] Clean output stream finished - hello_world::. 
2026-02-10 11:07:50 [info] : [Platform Server] Generate platform output stream finished - platform_main. 
2026-02-10 11:07:53 [info] : [Build Server] Build output stream finished - hello_world::. 
2026-02-10 11:10:56 [info] : [Build Server] Clean output stream finished - hello_world::. 
2026-02-10 11:11:11 [info] : [Platform Server] Generate platform output stream finished - platform_main. 
2026-02-10 11:11:14 [info] : [Build Server] Build output stream finished - hello_world::. 
2026-02-10 11:12:44 [info] : [Platform Server] Generate platform output stream finished - platform_main. 
2026-02-10 11:12:47 [info] : [Build Server] Build output stream finished - hello_world::. 
2026-02-10 11:17:22 [info] : [Build Server] Clean output stream finished - hello_world::. 
2026-02-10 11:35:14 [info] : [Build Server] Clean output stream finished - hello_world::. 
2026-02-10 11:35:23 [info] : [Platform Server] Generate platform output stream finished - platform_main. 
2026-02-10 11:35:26 [info] : [Build Server] Build output stream finished - hello_world::. 
2026-02-10 11:41:49 [info] : [Build Server] Clean output stream finished - hello_world::. 
2026-02-10 11:41:56 [info] : [Platform Server] Generate platform output stream finished - platform_main. 
2026-02-10 11:41:59 [info] : [Build Server] Build output stream finished - hello_world::. 
2026-02-10 11:43:23 [info] : [Build Server] Clean output stream finished - hello_world::. 
2026-02-10 11:43:30 [info] : [Platform Server] Generate platform output stream finished - platform_main. 
2026-02-10 11:43:33 [info] : [Build Server] Build output stream finished - hello_world::. 
2026-02-10 11:44:10 [info] : [Build Server] Clean output stream finished - hello_world::. 
2026-02-10 11:44:19 [info] : [Platform Server] Generate platform output stream finished - platform_main. 
2026-02-10 11:44:22 [info] : [Build Server] Build output stream finished - hello_world::. 
2026-02-10 11:47:32 [info] : [Build Server] Clean output stream finished - hello_world::. 
2026-02-10 11:47:41 [info] : [Platform Server] Generate platform output stream finished - platform_main. 
2026-02-10 11:47:44 [info] : [Build Server] Build output stream finished - hello_world::. 
2026-02-10 11:47:53 [info] : [Debug Manager] Successfully verified the target connection used  Local 
2026-02-10 11:47:53 [info] : [Debug Manager] Starting launch in 'run' mode using configuration: {"type":"tcf-debug","request":"launch","name":"hello_world_app_hw_1","debugType":"baremetal-zynq","attachToRunningTargetOptions":{"targetSetupMode":"standalone","executeScript":true,"scriptPath":""},"autoAttachProcessChildren":false,"target":{"targetConnectionId":"Local","peersIniPath":"../../../.wsdata/.peers.ini","context":"zynq"},"targetSetup":{"resetSystem":true,"programDevice":true,"resetAPU":false,"bitstreamFile":"${workspaceFolder}\\hello_world\\_ide\\bitstream\\uart_wrapper.bit","zynqInitialization":{"isFsbl":false,"usingFSBL":{"initWithFSBL":true,"fsblFile":"${workspaceFolder}\\platform_main\\export\\platform_main\\sw\\boot\\fsbl.elf","fsblExitSymbol":"FsblHandoffJtagExit"},"usingPs7Init":{"runPs7Init":true,"runPs7PostInit":true,"ps7InitTclFile":"${workspaceFolder}\\hello_world\\_ide\\psinit\\ps7_init.tcl"}},"downloadElf":[{"core":"ps7_cortexa9_0","resetProcessor":true,"elfFile":"${workspaceFolder}\\hello_world\\build\\hello_world.elf","stopAtEntry":false}],"crossTriggerBreakpoints":{"isSelected":false,"breakpoints":[]}},"internalConsoleOptions":"openOnSessionStart","__configUri":"file:///c%3A/Users/remsc/Desktop/GIT/Projet-S4-Code/uart/hello_world/_ide/.theia/launch.json"} 
2026-02-10 11:52:33 [info] : [Build Server] Clean output stream finished - hello_world::. 
2026-02-10 11:52:41 [info] : [Platform Server] Generate platform output stream finished - platform_main. 
2026-02-10 11:52:45 [info] : [Build Server] Build output stream finished - hello_world::. 
2026-02-10 11:52:55 [info] : [Debug Manager] Successfully verified the target connection used  Local 
2026-02-10 11:52:55 [info] : [Debug Manager] Starting launch in 'run' mode using configuration: {"type":"tcf-debug","request":"launch","name":"hello_world_app_hw_1","debugType":"baremetal-zynq","attachToRunningTargetOptions":{"targetSetupMode":"standalone","executeScript":true,"scriptPath":""},"autoAttachProcessChildren":false,"target":{"targetConnectionId":"Local","peersIniPath":"../../../.wsdata/.peers.ini","context":"zynq"},"targetSetup":{"resetSystem":true,"programDevice":true,"resetAPU":false,"bitstreamFile":"${workspaceFolder}\\hello_world\\_ide\\bitstream\\uart_wrapper.bit","zynqInitialization":{"isFsbl":false,"usingFSBL":{"initWithFSBL":true,"fsblFile":"${workspaceFolder}\\platform_main\\export\\platform_main\\sw\\boot\\fsbl.elf","fsblExitSymbol":"FsblHandoffJtagExit"},"usingPs7Init":{"runPs7Init":true,"runPs7PostInit":true,"ps7InitTclFile":"${workspaceFolder}\\hello_world\\_ide\\psinit\\ps7_init.tcl"}},"downloadElf":[{"core":"ps7_cortexa9_0","resetProcessor":true,"elfFile":"${workspaceFolder}\\hello_world\\build\\hello_world.elf","stopAtEntry":false}],"crossTriggerBreakpoints":{"isSelected":false,"breakpoints":[]}},"internalConsoleOptions":"openOnSessionStart","__configUri":"file:///c%3A/Users/remsc/Desktop/GIT/Projet-S4-Code/uart/hello_world/_ide/.theia/launch.json"} 
2026-02-10 11:53:43 [info] : [Debug Manager] Launch session has terminated on the configuration 'hello_world_app_hw_1' 
2026-02-10 11:53:43 [info] : [Debug Manager] Enabling breakpoints after running the application using 'hello_world_app_hw_1'. 
2026-02-10 11:54:00 [info] : [Platform Server] Generate platform output stream finished - platform_main. 
2026-02-10 11:54:03 [info] : [Build Server] Build output stream finished - hello_world::. 
2026-02-10 11:54:14 [info] : [Debug Manager] Successfully verified the target connection used  Local 
2026-02-10 11:54:14 [info] : [Debug Manager] Starting launch in 'run' mode using configuration: {"type":"tcf-debug","request":"launch","name":"hello_world_app_hw_1","debugType":"baremetal-zynq","attachToRunningTargetOptions":{"targetSetupMode":"standalone","executeScript":true,"scriptPath":""},"autoAttachProcessChildren":false,"target":{"targetConnectionId":"Local","peersIniPath":"../../../.wsdata/.peers.ini","context":"zynq"},"targetSetup":{"resetSystem":true,"programDevice":true,"resetAPU":false,"bitstreamFile":"${workspaceFolder}\\hello_world\\_ide\\bitstream\\uart_wrapper.bit","zynqInitialization":{"isFsbl":false,"usingFSBL":{"initWithFSBL":true,"fsblFile":"${workspaceFolder}\\platform_main\\export\\platform_main\\sw\\boot\\fsbl.elf","fsblExitSymbol":"FsblHandoffJtagExit"},"usingPs7Init":{"runPs7Init":true,"runPs7PostInit":true,"ps7InitTclFile":"${workspaceFolder}\\hello_world\\_ide\\psinit\\ps7_init.tcl"}},"downloadElf":[{"core":"ps7_cortexa9_0","resetProcessor":true,"elfFile":"${workspaceFolder}\\hello_world\\build\\hello_world.elf","stopAtEntry":false}],"crossTriggerBreakpoints":{"isSelected":false,"breakpoints":[]}},"internalConsoleOptions":"openOnSessionStart","__configUri":"file:///c%3A/Users/remsc/Desktop/GIT/Projet-S4-Code/uart/hello_world/_ide/.theia/launch.json"} 
2026-02-10 11:54:14 [info] : [Debug Manager] Disabling breakpoints in the tool to enable run mode for 'hello_world_app_hw_1'. 
2026-02-10 11:54:15 [info] : [Debug Manager] Launch session has started on the configuration 'hello_world_app_hw_1' 
2026-02-10 11:55:05 [info] : [Platform Server] Generate platform output stream finished - platform_main. 
2026-02-10 11:55:08 [info] : [Build Server] Build output stream finished - hello_world::. 
2026-02-10 11:55:19 [info] : [Debug Manager] Successfully verified the target connection used  Local 
2026-02-10 11:55:19 [info] : [Debug Manager] Starting launch in 'run' mode using configuration: {"type":"tcf-debug","request":"launch","name":"hello_world_app_hw_1","debugType":"baremetal-zynq","attachToRunningTargetOptions":{"targetSetupMode":"standalone","executeScript":true,"scriptPath":""},"autoAttachProcessChildren":false,"target":{"targetConnectionId":"Local","peersIniPath":"../../../.wsdata/.peers.ini","context":"zynq"},"targetSetup":{"resetSystem":true,"programDevice":true,"resetAPU":false,"bitstreamFile":"${workspaceFolder}\\hello_world\\_ide\\bitstream\\uart_wrapper.bit","zynqInitialization":{"isFsbl":false,"usingFSBL":{"initWithFSBL":true,"fsblFile":"${workspaceFolder}\\platform_main\\export\\platform_main\\sw\\boot\\fsbl.elf","fsblExitSymbol":"FsblHandoffJtagExit"},"usingPs7Init":{"runPs7Init":true,"runPs7PostInit":true,"ps7InitTclFile":"${workspaceFolder}\\hello_world\\_ide\\psinit\\ps7_init.tcl"}},"downloadElf":[{"core":"ps7_cortexa9_0","resetProcessor":true,"elfFile":"${workspaceFolder}\\hello_world\\build\\hello_world.elf","stopAtEntry":false}],"crossTriggerBreakpoints":{"isSelected":false,"breakpoints":[]}},"internalConsoleOptions":"openOnSessionStart","__configUri":"file:///c%3A/Users/remsc/Desktop/GIT/Projet-S4-Code/uart/hello_world/_ide/.theia/launch.json"} 
2026-02-10 11:56:00 [info] : [Platform Server] Generate platform output stream finished - platform_main. 
2026-02-10 11:56:03 [info] : [Build Server] Build output stream finished - hello_world::. 
2026-02-10 11:56:20 [info] : [Platform Server] Generate platform output stream finished - platform_main. 
2026-02-10 11:56:24 [info] : [Build Server] Build output stream finished - hello_world::. 
